<?xml version="1.0" encoding="UTF-8"?>
<!-- Generated by org.testng.reporters.JUnitXMLReporter -->
<testsuite ignored="0" hostname="LAPTOP-2TR45I3K" failures="1" tests="1" name="Page title verification Test" time="15.179" errors="0" timestamp="2021-09-16T12:49:48 IST">
  <testcase classname="Academy.ValidateNewsPageTitle" name="validatePageTitle" time="2.879">
    <failure type="java.lang.AssertionError" message="expected [Rediff.com: News | Rediffmail | Stock Quotes | Shopping] but found [Latest India News, Headlines, Stories and Videos]">
      <![CDATA[java.lang.AssertionError: expected [Rediff.com: News | Rediffmail | Stock Quotes | Shopping] but found [Latest India News, Headlines, Stories and Videos]
at Academy.ValidateNewsPageTitle.validatePageTitle(ValidateNewsPageTitle.java:35)
at java.base/java.util.ArrayList.forEach(ArrayList.java:1511)
... Removed 33 stack frames]]>
    </failure>
  </testcase> <!-- validatePageTitle -->
</testsuite> <!-- Page title verification Test -->
